#
# A fatal error has been detected by the Java Runtime Environment:
#
#  SIGSEGV (0xb) at pc=0xb6e3e92c, pid=14886, tid=1649408832
#
# JRE version: OpenJDK Runtime Environment (7.0_65-b32) (build 1.7.0_65-b32)
# Java VM: OpenJDK Server VM (24.65-b04 mixed mode linux-x86 )
# Derivative: IcedTea 2.5.2
# Distribution: Ubuntu 14.04 LTS, package 7u65-2.5.2-3~14.04
# Problematic frame:
# V  [libjvm.so+0x6ee92c]  oopDesc* PSPromotionManager::copy_to_survivor_space<false>(oopDesc*)+0x25c
#
# Failed to write core dump. Core dumps have been disabled. To enable core dumping, try "ulimit -c unlimited" before starting Java again
#
# If you would like to submit a bug report, please include
# instructions on how to reproduce the bug and visit:
#   http://icedtea.classpath.org/bugzilla
#

---------------  T H R E A D  ---------------

Current thread (0xb6417400):  GCTaskThread [stack: 0x6247f000,0x62500000] [id=14941]

siginfo:si_signo=SIGSEGV: si_errno=0, si_code=1 (SEGV_MAPERR), si_addr=0x00000054

Registers:
EAX=0x00000000, EBX=0xb718d000, ECX=0x00000000, EDX=0x00000001
ESP=0x624ff180, EBP=0xa7f97748, ESI=0x63300308, EDI=0xb64fbea0
EIP=0xb6e3e92c, EFLAGS=0x00010246, CR2=0x00000054

Top of Stack: (sp=0x624ff180)
0x624ff180:   63300308 a7f97748 ae01c4f8 00001000
0x624ff190:   00000001 00000006 b64fbe00 00000001
0x624ff1a0:   5e500efc 00000338 ad489cb2 00001000
0x624ff1b0:   b64fbea0 9ddfbf90 b6e3d619 b718d000
0x624ff1c0:   ae01c500 b64fbea0 b6430860 b6e3e38c
0x624ff1d0:   b64fbea0 a7f97748 00000000 b6dde304
0x624ff1e0:   b6416d28 b640fe08 b640fe88 01dde304
0x624ff1f0:   b718d000 b71aa244 b640fe08 b6da40ce 

Instructions: (pc=0xb6e3e92c)
0xb6e3e90c:   e0 0f e9 1c fe ff ff 90 8d 74 26 00 0f 85 d5 01
0xb6e3e91c:   00 00 8b 40 08 89 54 24 10 89 6c 24 04 89 34 24
0xb6e3e92c:   ff 50 54 8b 54 24 10 89 44 24 14 e9 dd fd ff ff
0xb6e3e93c:   8d 74 26 00 8b 44 24 50 80 78 30 00 0f 85 55 ff 

Register to memory mapping:

EAX=0x00000000 is an unknown value
EBX=0xb718d000: <offset 0xa3d000> in /usr/lib/jvm/java-7-openjdk-i386/jre/lib/i386/server/libjvm.so at 0xb6750000
ECX=0x00000000 is an unknown value
EDX=0x00000001 is an unknown value
ESP=0x624ff180 is an unknown value
EBP=0xa7f97748 is an unknown value
ESI=0x63300308 is pointing into object: 0x63300230
{type array class} 
 - klass: {other class}
EDI=0xb64fbea0 is an unknown value


Stack: [0x6247f000,0x62500000],  sp=0x624ff180,  free space=512k
Native frames: (J=compiled Java code, j=interpreted, Vv=VM code, C=native code)
V  [libjvm.so+0x6ee92c]  oopDesc* PSPromotionManager::copy_to_survivor_space<false>(oopDesc*)+0x25c


---------------  P R O C E S S  ---------------

Java Threads: ( => current thread )
  0x5d598400 JavaThread "process reaper" daemon [_thread_blocked, id=14991, stack(0x5db25000,0x5db40000)]
  0x5ed8b400 JavaThread "Service Thread" daemon [_thread_blocked, id=14950, stack(0x6222e000,0x6227f000)]
  0x5ed89800 JavaThread "C2 CompilerThread1" daemon [_thread_blocked, id=14949, stack(0x5e47f000,0x5e500000)]
  0x5ed87800 JavaThread "C2 CompilerThread0" daemon [_thread_blocked, id=14948, stack(0x5e77f000,0x5e800000)]
  0x5ed86000 JavaThread "Signal Dispatcher" daemon [_thread_blocked, id=14947, stack(0x6242e000,0x6247f000)]
  0x5ed74400 JavaThread "Finalizer" daemon [_thread_blocked, id=14946, stack(0x6262e000,0x6267f000)]
  0x5ed72c00 JavaThread "Reference Handler" daemon [_thread_blocked, id=14945, stack(0x6282e000,0x6287f000)]
  0xb6406400 JavaThread "main" [_thread_blocked, id=14935, stack(0xb65b3000,0xb6604000)]

Other Threads:
  0x5ed70400 VMThread [stack: 0x5ee7f000,0x5ef00000] [id=14944]
  0x5ed8d800 WatcherThread [stack: 0x5e27f000,0x5e300000] [id=14951]

=>0xb6417400 (exited) GCTaskThread [stack: 0x6247f000,0x62500000] [id=14941]

VM state:at safepoint (normal execution)

VM Mutex/Monitor currently owned by a thread:  ([mutex/lock_event])
[0xb6404ec0] Threads_lock - owner thread: 0x5ed70400
[0xb64052d0] Heap_lock - owner thread: 0xb6406400

Heap
 PSYoungGen      total 306176K, used 262656K [0x9ddc0000, 0xb3340000, 0xb3340000)
  eden space 262656K, 100% used [0x9ddc0000,0xade40000,0xade40000)
  from space 43520K, 0% used [0xb08c0000,0xb08c0000,0xb3340000)
  to   space 43520K, 14% used [0xade40000,0xae4546e0,0xb08c0000)
 ParOldGen       total 699136K, used 8K [0x73300000, 0x9ddc0000, 0x9ddc0000)
  object space 699136K, 0% used [0x73300000,0x73302000,0x9ddc0000)
 PSPermGen       total 65536K, used 28074K [0x63300000, 0x67300000, 0x73300000)
  object space 65536K, 42% used [0x63300000,0x64e6a9b0,0x67300000)

Card table byte_map: [0x6307f000,0x63300000] byte_map_base: 0x62d65800

Polling page: 0xb77b3000

Code Cache  [0xb3400000, 0xb36b8000, 0xb6400000)
 total_blobs=1186 nmethods=1045 adapters=92 free_code_cache=46468Kb largest_free_block=47507264

Compilation events (10 events):
Event: 13,330 Thread 0x5ed87800 nmethod 1069 0xb3656748 code [0xb3656820, 0xb3656870]
Event: 13,330 Thread 0x5ed87800 1070             scala.reflect.internal.util.WeakHashSet$$anon$1::hasNext (89 bytes)
Event: 13,334 Thread 0x5ed87800 nmethod 1070 0xb3656388 code [0xb3656480, 0xb3656670]
Event: 13,334 Thread 0x5ed87800 1071             scala.collection.IterableLike$class::copyToArray (81 bytes)
Event: 13,342 Thread 0x5ed89800 nmethod 1046 0xb3698a48 code [0xb36995a0, 0xb369dc40]
Event: 13,342 Thread 0x5ed89800 1072             scala.reflect.internal.util.ThreeValues$::toBoolean (11 bytes)
Event: 13,342 Thread 0x5ed89800 nmethod 1072 0xb3656208 code [0xb36562e0, 0xb3656330]
Event: 13,342 Thread 0x5ed89800 1073             scala.reflect.internal.SymbolTable::isSameType2 (7 bytes)
Event: 13,343 Thread 0x5ed89800 nmethod 1073 0xb3655fc8 code [0xb36560c0, 0xb365611c]
Event: 13,343 Thread 0x5ed89800 1074             scala.reflect.internal.Types$TypeRef$::apply (190 bytes)

GC Heap History (1 events):
Event: 13,347 GC heap before
{Heap before GC invocations=1 (full 0):
 PSYoungGen      total 306176K, used 262656K [0x9ddc0000, 0xb3340000, 0xb3340000)
  eden space 262656K, 100% used [0x9ddc0000,0xade40000,0xade40000)
  from space 43520K, 0% used [0xb08c0000,0xb08c0000,0xb3340000)
  to   space 43520K, 0% used [0xade40000,0xade40000,0xb08c0000)
 ParOldGen       total 699136K, used 0K [0x73300000, 0x9ddc0000, 0x9ddc0000)
  object space 699136K, 0% used [0x73300000,0x73300000,0x9ddc0000)
 PSPermGen       total 65536K, used 28074K [0x63300000, 0x67300000, 0x73300000)
  object space 65536K, 42% used [0x63300000,0x64e6a9b0,0x67300000)

Deoptimization events (10 events):
Event: 13,014 Thread 0xb6406400 Uncommon trap: reason=class_check action=maybe_recompile pc=0xb3629694 method=scala.reflect.internal.Types$PolyType.baseTypeSeq()Lscala/reflect/internal/BaseTypeSeqs$BaseTypeSeq; @ 4
Event: 13,125 Thread 0xb6406400 Uncommon trap: reason=class_check action=maybe_recompile pc=0xb3637358 method=scala.reflect.internal.Types$Type.findMembers(JJ)Lscala/reflect/internal/Scopes$Scope; @ 395
Event: 13,158 Thread 0xb6406400 Uncommon trap: reason=class_check action=maybe_recompile pc=0xb34bbd38 method=scala.reflect.internal.Phase.equals(Ljava/lang/Object;)Z @ 24
Event: 13,167 Thread 0xb6406400 Uncommon trap: reason=class_check action=maybe_recompile pc=0xb34bbd38 method=scala.reflect.internal.Phase.equals(Ljava/lang/Object;)Z @ 24
Event: 13,169 Thread 0xb6406400 Uncommon trap: reason=bimorphic action=maybe_recompile pc=0xb35b6570 method=scala.reflect.internal.Symbols$ModuleClassSymbol.typeOfThis()Lscala/reflect/internal/Types$Type; @ 51
Event: 13,177 Thread 0xb6406400 Uncommon trap: reason=class_check action=maybe_recompile pc=0xb353f878 method=scala.reflect.internal.Types$class.compareLengths(Lscala/reflect/internal/SymbolTable;Lscala/collection/immutable/List;Lscala/collection/immutable/List;)I @ 8
Event: 13,205 Thread 0xb6406400 Uncommon trap: reason=class_check action=maybe_recompile pc=0xb3629694 method=scala.reflect.internal.Types$PolyType.baseTypeSeq()Lscala/reflect/internal/BaseTypeSeqs$BaseTypeSeq; @ 4
Event: 13,242 Thread 0xb6406400 Uncommon trap: reason=class_check action=maybe_recompile pc=0xb3637358 method=scala.reflect.internal.Types$Type.findMembers(JJ)Lscala/reflect/internal/Scopes$Scope; @ 395
Event: 13,264 Thread 0xb6406400 Uncommon trap: reason=bimorphic action=maybe_recompile pc=0xb35b6570 method=scala.reflect.internal.Symbols$ModuleClassSymbol.typeOfThis()Lscala/reflect/internal/Types$Type; @ 51
Event: 13,290 Thread 0xb6406400 Uncommon trap: reason=class_check action=maybe_recompile pc=0xb3629694 method=scala.reflect.internal.Types$PolyType.baseTypeSeq()Lscala/reflect/internal/BaseTypeSeqs$BaseTypeSeq; @ 4

Internal exceptions (10 events):
Event: 12,919 Thread 0xb6406400 Threw 0xad7fdd10 at /build/buildd/openjdk-7-7u65-2.5.2/build/openjdk/hotspot/src/share/vm/prims/jvm.cpp:1247
Event: 12,919 Thread 0xb6406400 Threw 0xad7fe6e0 at /build/buildd/openjdk-7-7u65-2.5.2/build/openjdk/hotspot/src/share/vm/prims/jvm.cpp:1247
Event: 12,919 Thread 0xb6406400 Threw 0xad7ff798 at /build/buildd/openjdk-7-7u65-2.5.2/build/openjdk/hotspot/src/share/vm/prims/jvm.cpp:1247
Event: 12,920 Thread 0xb6406400 Threw 0xad803498 at /build/buildd/openjdk-7-7u65-2.5.2/build/openjdk/hotspot/src/share/vm/prims/jvm.cpp:1247
Event: 12,920 Thread 0xb6406400 Threw 0xad803e40 at /build/buildd/openjdk-7-7u65-2.5.2/build/openjdk/hotspot/src/share/vm/prims/jvm.cpp:1247
Event: 12,920 Thread 0xb6406400 Threw 0xad804e70 at /build/buildd/openjdk-7-7u65-2.5.2/build/openjdk/hotspot/src/share/vm/prims/jvm.cpp:1247
Event: 12,922 Thread 0xb6406400 Threw 0xad809270 at /build/buildd/openjdk-7-7u65-2.5.2/build/openjdk/hotspot/src/share/vm/prims/jvm.cpp:1247
Event: 12,922 Thread 0xb6406400 Threw 0xad809d40 at /build/buildd/openjdk-7-7u65-2.5.2/build/openjdk/hotspot/src/share/vm/prims/jvm.cpp:1247
Event: 12,922 Thread 0xb6406400 Threw 0xad80b060 at /build/buildd/openjdk-7-7u65-2.5.2/build/openjdk/hotspot/src/share/vm/prims/jvm.cpp:1247
Event: 12,959 Thread 0xb6406400 Implicit null exception at 0xb3627009 to 0xb3627e19

Events (10 events):
Event: 13,242 Thread 0xb6406400 Uncommon trap: trap_request=0xffffffde fr.pc=0xb3637358
Event: 13,242 Thread 0xb6406400 DEOPT PACKING pc=0xb3637358 sp=0xb6601330
Event: 13,242 Thread 0xb6406400 DEOPT UNPACKING pc=0xb342cbc8 sp=0xb66012f4 mode 2
Event: 13,264 Thread 0xb6406400 Uncommon trap: trap_request=0xffffffc6 fr.pc=0xb35b6570
Event: 13,264 Thread 0xb6406400 DEOPT PACKING pc=0xb35b6570 sp=0xb6600710
Event: 13,264 Thread 0xb6406400 DEOPT UNPACKING pc=0xb342cbc8 sp=0xb6600720 mode 2
Event: 13,290 Thread 0xb6406400 Uncommon trap: trap_request=0xffffffde fr.pc=0xb3629694
Event: 13,290 Thread 0xb6406400 DEOPT PACKING pc=0xb3629694 sp=0xb65fe680
Event: 13,290 Thread 0xb6406400 DEOPT UNPACKING pc=0xb342cbc8 sp=0xb65fe664 mode 2
Event: 13,347 Executing VM operation: ParallelGCFailedAllocation


Dynamic libraries:
08048000-08049000 r-xp 00000000 08:01 4985394    /usr/lib/jvm/java-7-openjdk-i386/jre/bin/java
08049000-0804a000 r--p 00000000 08:01 4985394    /usr/lib/jvm/java-7-openjdk-i386/jre/bin/java
0804a000-0804b000 rw-p 00001000 08:01 4985394    /usr/lib/jvm/java-7-openjdk-i386/jre/bin/java
08ab5000-08bab000 rw-p 00000000 00:00 0          [heap]
5b599000-5b700000 rw-p 00000000 00:00 0 
5b700000-5b7f6000 rw-p 00000000 00:00 0 
5b7f6000-5b800000 ---p 00000000 00:00 0 
5b900000-5b9fc000 rw-p 00000000 00:00 0 
5b9fc000-5ba00000 ---p 00000000 00:00 0 
5bb00000-5bbf4000 rw-p 00000000 00:00 0 
5bbf4000-5bc00000 ---p 00000000 00:00 0 
5bd00000-5bdc7000 rw-p 00000000 00:00 0 
5bdc7000-5be00000 ---p 00000000 00:00 0 
5bf00000-5c000000 rw-p 00000000 00:00 0 
5c000000-5c0f5000 rw-p 00000000 00:00 0 
5c0f5000-5c100000 ---p 00000000 00:00 0 
5c100000-5c200000 rw-p 00000000 00:00 0 
5c200000-5c2fa000 rw-p 00000000 00:00 0 
5c2fa000-5c300000 ---p 00000000 00:00 0 
5c400000-5c4f1000 rw-p 00000000 00:00 0 
5c4f1000-5c500000 ---p 00000000 00:00 0 
5c500000-5c5fc000 rw-p 00000000 00:00 0 
5c5fc000-5c600000 ---p 00000000 00:00 0 
5c600000-5c700000 rw-p 00000000 00:00 0 
5c800000-5c8fc000 rw-p 00000000 00:00 0 
5c8fc000-5c900000 ---p 00000000 00:00 0 
5c900000-5ca00000 rw-p 00000000 00:00 0 
5ca00000-5caff000 rw-p 00000000 00:00 0 
5caff000-5cb00000 ---p 00000000 00:00 0 
5cb00000-5cbea000 rw-p 00000000 00:00 0 
5cbea000-5cc00000 ---p 00000000 00:00 0 
5cc00000-5cce8000 rw-p 00000000 00:00 0 
5cce8000-5cd00000 ---p 00000000 00:00 0 
5cd00000-5cdff000 rw-p 00000000 00:00 0 
5cdff000-5ce00000 ---p 00000000 00:00 0 
5ce00000-5ceff000 rw-p 00000000 00:00 0 
5ceff000-5cf00000 ---p 00000000 00:00 0 
5cf00000-5d000000 rw-p 00000000 00:00 0 
5d000000-5d1ff000 rw-p 00000000 00:00 0 
5d1ff000-5d200000 ---p 00000000 00:00 0 
5d200000-5d2ff000 rw-p 00000000 00:00 0 
5d2ff000-5d300000 ---p 00000000 00:00 0 
5d357000-5d400000 rw-p 00000000 00:00 0 
5d400000-5d4fc000 rw-p 00000000 00:00 0 
5d4fc000-5d500000 ---p 00000000 00:00 0 
5d500000-5d5f5000 rw-p 00000000 00:00 0 
5d5f5000-5d600000 ---p 00000000 00:00 0 
5d600000-5d6fa000 rw-p 00000000 00:00 0 
5d6fa000-5d700000 ---p 00000000 00:00 0 
5d700000-5d7d4000 rw-p 00000000 00:00 0 
5d7d4000-5d800000 ---p 00000000 00:00 0 
5d803000-5d900000 r--s 00cca000 00:1b 149819857  /home/mariadch/.sbt/boot/scala-2.10.4/lib/scala-compiler.jar
5d900000-5d9fd000 rw-p 00000000 00:00 0 
5d9fd000-5da00000 ---p 00000000 00:00 0 
5da00000-5dafd000 rw-p 00000000 00:00 0 
5dafd000-5db00000 ---p 00000000 00:00 0 
5db0d000-5db1b000 r--s 0010f000 08:01 4985428    /usr/lib/jvm/java-7-openjdk-i386/jre/lib/rhino.jar
5db1b000-5db25000 r--s 00203000 08:01 4985403    /usr/lib/jvm/java-7-openjdk-i386/jre/lib/charsets.jar
5db25000-5db28000 ---p 00000000 00:00 0 
5db28000-5db40000 rw-p 00000000 00:00 0          [stack:14991]
5db40000-5dc00000 r--s 0072c000 00:1b 131208556  /home/mariadch/.sbt/boot/scala-2.11.1/com.typesafe.activator/activator-launcher/1.2.10/aws-java-sdk-1.3.29.jar
5dc00000-5dd00000 rw-p 00000000 00:00 0 
5dd08000-5dd09000 rw-p 00000000 00:00 0 
5dd09000-5dd0c000 r--s 00017000 08:01 4985404    /usr/lib/jvm/java-7-openjdk-i386/jre/lib/jce.jar
5dd0c000-5dd15000 r--s 000b9000 08:01 4985415    /usr/lib/jvm/java-7-openjdk-i386/jre/lib/resources.jar
5dd15000-5dd1a000 r--s 0004c000 08:01 4985427    /usr/lib/jvm/java-7-openjdk-i386/jre/lib/jsse.jar
5dd1a000-5dd21000 r--s 00000000 08:01 4731547    /usr/lib/i386-linux-gnu/gconv/gconv-modules.cache
5dd21000-5dd43000 r--p 00000000 08:01 5646062    /usr/share/locale-langpack/pt_BR/LC_MESSAGES/libc.mo
5dd43000-5dd45000 r--s 0000b000 00:1b 148379493  /home/mariadch/.sbt/boot/scala-2.10.4/org.scala-sbt/sbt/0.13.5/xsbti/interface-0.13.5.jar
5dd45000-5dd50000 r--s 000a3000 00:1b 148249601  /home/mariadch/.sbt/boot/scala-2.10.4/org.scala-sbt/sbt/0.13.5/ivy-0.13.5.jar
5dd50000-5dd53000 r--s 0001d000 00:1b 148249586  /home/mariadch/.sbt/boot/scala-2.10.4/org.scala-sbt/sbt/0.13.5/tasks-0.13.5.jar
5dd53000-5dd7a000 r--s 00200000 00:1b 148249596  /home/mariadch/.sbt/boot/scala-2.10.4/org.scala-sbt/sbt/0.13.5/main-0.13.5.jar
5dd7a000-5dd7c000 r--s 00002000 00:1b 148249585  /home/mariadch/.sbt/boot/scala-2.10.4/org.scala-sbt/sbt/0.13.5/control-0.13.5.jar
5dd7c000-5dd7e000 r--s 00001000 00:1b 148249360  /home/mariadch/.sbt/boot/scala-2.10.4/org.scala-sbt/sbt/0.13.5/cross-0.13.5.jar
5dd7e000-5dd80000 r--s 00001000 00:1b 148249581  /home/mariadch/.sbt/boot/scala-2.10.4/org.scala-sbt/sbt/0.13.5/compiler-ivy-integration-0.13.5.jar
5dd80000-5dd83000 r--s 00012000 00:1b 148249361  /home/mariadch/.sbt/boot/scala-2.10.4/org.scala-sbt/sbt/0.13.5/classfile-0.13.5.jar
5dd83000-5de73000 r--s 00be4000 00:1b 131994153  /home/mariadch/.sbt/boot/scala-2.11.1/lib/scala-compiler.jar
5de73000-5df7d000 r-xp 00000000 08:01 132091     /lib/i386-linux-gnu/libglib-2.0.so.0.4000.0
5df7d000-5df7e000 r--p 00109000 08:01 132091     /lib/i386-linux-gnu/libglib-2.0.so.0.4000.0
5df7e000-5df7f000 rw-p 0010a000 08:01 132091     /lib/i386-linux-gnu/libglib-2.0.so.0.4000.0
5df7f000-5e0fc000 r-xp 00000000 08:01 4724302    /usr/lib/i386-linux-gnu/libgio-2.0.so.0.4000.0
5e0fc000-5e0fe000 r--p 0017c000 08:01 4724302    /usr/lib/i386-linux-gnu/libgio-2.0.so.0.4000.0
5e0fe000-5e0ff000 rw-p 0017e000 08:01 4724302    /usr/lib/i386-linux-gnu/libgio-2.0.so.0.4000.0
5e0ff000-5e100000 rw-p 00000000 00:00 0 
5e100000-5e1e7000 rw-p 00000000 00:00 0 
5e1e7000-5e200000 ---p 00000000 00:00 0 
5e200000-5e201000 r--s 00005000 00:1b 148249605  /home/mariadch/.sbt/boot/scala-2.10.4/org.scala-sbt/sbt/0.13.5/sbt-0.13.5.jar
5e201000-5e203000 r--s 0000e000 00:1b 148249363  /home/mariadch/.sbt/boot/scala-2.10.4/org.scala-sbt/sbt/0.13.5/logic-0.13.5.jar
5e203000-5e206000 r--s 0000e000 00:1b 148249606  /home/mariadch/.sbt/boot/scala-2.10.4/org.scala-sbt/sbt/0.13.5/compiler-integration-0.13.5.jar
5e206000-5e209000 r--s 0001e000 00:1b 148249582  /home/mariadch/.sbt/boot/scala-2.10.4/org.scala-sbt/sbt/0.13.5/run-0.13.5.jar
5e209000-5e20f000 r--s 0003d000 00:1b 148249365  /home/mariadch/.sbt/boot/scala-2.10.4/org.scala-sbt/sbt/0.13.5/io-0.13.5.jar
5e20f000-5e213000 r--s 00034000 00:1b 148249579  /home/mariadch/.sbt/boot/scala-2.10.4/org.scala-sbt/sbt/0.13.5/jsch-0.1.46.jar
5e213000-5e249000 r--s 002d9000 00:1b 148249580  /home/mariadch/.sbt/boot/scala-2.10.4/org.scala-sbt/sbt/0.13.5/scala-reflect-2.10.4.jar
5e249000-5e27f000 r--s 002d9000 00:1b 149819859  /home/mariadch/.sbt/boot/scala-2.10.4/lib/scala-reflect.jar
5e27f000-5e280000 ---p 00000000 00:00 0 
5e280000-5e300000 rw-p 00000000 00:00 0          [stack:14951]
5e300000-5e3ff000 rw-p 00000000 00:00 0 
5e3ff000-5e400000 ---p 00000000 00:00 0 
5e400000-5e401000 r--s 00005000 00:1b 148249592  /home/mariadch/.sbt/boot/scala-2.10.4/org.scala-sbt/sbt/0.13.5/test-agent-0.13.5.jar
5e401000-5e403000 r--s 00001000 00:1b 148249367  /home/mariadch/.sbt/boot/scala-2.10.4/org.scala-sbt/sbt/0.13.5/launcher-interface-0.13.5.jar
5e403000-5e40d000 r--s 00090000 00:1b 148249369  /home/mariadch/.sbt/boot/scala-2.10.4/org.scala-sbt/sbt/0.13.5/main-settings-0.13.5.jar
5e40d000-5e47f000 r--s 0065a000 00:1b 149819861  /home/mariadch/.sbt/boot/scala-2.10.4/lib/scala-library.jar
5e47f000-5e482000 ---p 00000000 00:00 0 
5e482000-5e500000 rw-p 00000000 00:00 0          [stack:14949]
5e500000-5e5fe000 rw-p 00000000 00:00 0 
5e5fe000-5e600000 ---p 00000000 00:00 0 
5e600000-5e621000 rw-p 00000000 00:00 0 
5e621000-5e700000 ---p 00000000 00:00 0 
5e700000-5e708000 r--s 0005c000 00:1b 148249600  /home/mariadch/.sbt/boot/scala-2.10.4/org.scala-sbt/sbt/0.13.5/collections-0.13.5.jar
5e708000-5e71d000 r--s 00116000 00:1b 148249602  /home/mariadch/.sbt/boot/scala-2.10.4/org.scala-sbt/sbt/0.13.5/ivy-2.3.0.jar
5e71d000-5e721000 r--s 00022000 00:1b 148249593  /home/mariadch/.sbt/boot/scala-2.10.4/org.scala-sbt/sbt/0.13.5/sbinary_2.10-0.4.2.jar
5e721000-5e724000 r--s 0001d000 00:1b 148249583  /home/mariadch/.sbt/boot/scala-2.10.4/org.scala-sbt/sbt/0.13.5/task-system-0.13.5.jar
5e724000-5e729000 r--s 00036000 00:1b 148249373  /home/mariadch/.sbt/boot/scala-2.10.4/org.scala-sbt/sbt/0.13.5/command-0.13.5.jar
5e729000-5e72c000 r--s 00013000 00:1b 148249588  /home/mariadch/.sbt/boot/scala-2.10.4/org.scala-sbt/sbt/0.13.5/classpath-0.13.5.jar
5e72c000-5e72f000 r--s 00019000 00:1b 148249607  /home/mariadch/.sbt/boot/scala-2.10.4/org.scala-sbt/sbt/0.13.5/compile-0.13.5.jar
5e72f000-5e732000 r--s 00018000 00:1b 148249587  /home/mariadch/.sbt/boot/scala-2.10.4/org.scala-sbt/sbt/0.13.5/logging-0.13.5.jar
5e732000-5e734000 r--s 00006000 00:1b 148249597  /home/mariadch/.sbt/boot/scala-2.10.4/org.scala-sbt/sbt/0.13.5/relation-0.13.5.jar
5e734000-5e77f000 r--s 003e1000 00:1b 131994151  /home/mariadch/.sbt/boot/scala-2.11.1/lib/scala-reflect.jar
5e77f000-5e782000 ---p 00000000 00:00 0 
5e782000-5e800000 rw-p 00000000 00:00 0          [stack:14948]
5e800000-5ea00000 r--p 00000000 08:01 4727065    /usr/lib/locale/locale-archive
5ea00000-5ea21000 rw-p 00000000 00:00 0 
5ea21000-5eb00000 ---p 00000000 00:00 0 
5eb00000-5eb21000 rw-p 00000000 00:00 0 
5eb21000-5ec00000 ---p 00000000 00:00 0 
5ec00000-5ec21000 rw-p 00000000 00:00 0 
5ec21000-5ed00000 ---p 00000000 00:00 0 
5ed00000-5edff000 rw-p 00000000 00:00 0 
5edff000-5ee00000 ---p 00000000 00:00 0 
5ee00000-5ee02000 r--s 00002000 00:1b 148249371  /home/mariadch/.sbt/boot/scala-2.10.4/org.scala-sbt/sbt/0.13.5/test-interface-1.0.jar
5ee02000-5ee06000 r--s 00024000 00:1b 148249364  /home/mariadch/.sbt/boot/scala-2.10.4/org.scala-sbt/sbt/0.13.5/persist-0.13.5.jar
5ee06000-5ee09000 r--s 00017000 00:1b 148249594  /home/mariadch/.sbt/boot/scala-2.10.4/org.scala-sbt/sbt/0.13.5/testing-0.13.5.jar
5ee09000-5ee0d000 r--s 0001b000 00:1b 148249584  /home/mariadch/.sbt/boot/scala-2.10.4/org.scala-sbt/sbt/0.13.5/process-0.13.5.jar
5ee0d000-5ee15000 r--s 00057000 00:1b 148249368  /home/mariadch/.sbt/boot/scala-2.10.4/org.scala-sbt/sbt/0.13.5/completion-0.13.5.jar
5ee15000-5ee1e000 r--s 00064000 00:1b 148249372  /home/mariadch/.sbt/boot/scala-2.10.4/org.scala-sbt/sbt/0.13.5/actions-0.13.5.jar
5ee1e000-5ee26000 r--s 0005e000 00:1b 148249603  /home/mariadch/.sbt/boot/scala-2.10.4/org.scala-sbt/sbt/0.13.5/incremental-compiler-0.13.5.jar
5ee26000-5ee7f000 r--s 004f0000 00:1b 131994152  /home/mariadch/.sbt/boot/scala-2.11.1/lib/scala-library.jar
5ee7f000-5ee80000 ---p 00000000 00:00 0 
5ee80000-5ef00000 rw-p 00000000 00:00 0          [stack:14944]
5ef00000-5eff9000 rw-p 00000000 00:00 0 
5eff9000-5f000000 ---p 00000000 00:00 0 
5f000000-5f003000 r--s 00030000 00:1b 148249374  /home/mariadch/.sbt/boot/scala-2.10.4/org.scala-sbt/sbt/0.13.5/jline-2.11.jar
5f003000-5f006000 r--s 0001a000 00:1b 148249595  /home/mariadch/.sbt/boot/scala-2.10.4/org.scala-sbt/sbt/0.13.5/cache-0.13.5.jar
5f006000-5f007000 r--s 0000a000 00:1b 148249604  /home/mariadch/.sbt/boot/scala-2.10.4/org.scala-sbt/sbt/0.13.5/tracking-0.13.5.jar
5f007000-5f00e000 r--s 00049000 00:1b 148249362  /home/mariadch/.sbt/boot/scala-2.10.4/org.scala-sbt/sbt/0.13.5/api-0.13.5.jar
5f00e000-5f04a000 r-xp 00000000 08:01 132163     /lib/i386-linux-gnu/libpcre.so.3.13.1
5f04a000-5f04b000 r--p 0003b000 08:01 132163     /lib/i386-linux-gnu/libpcre.so.3.13.1
5f04b000-5f04c000 rw-p 0003c000 08:01 132163     /lib/i386-linux-gnu/libpcre.so.3.13.1
5f04c000-5f1fd000 r--s 01d21000 08:01 4985402    /usr/lib/jvm/java-7-openjdk-i386/jre/lib/rt.jar
5f1fd000-61f00000 rw-p 00000000 00:00 0 
61f00000-61f21000 rw-p 00000000 00:00 0 
61f21000-62000000 ---p 00000000 00:00 0 
62000000-62002000 r--s 00014000 00:1b 148249370  /home/mariadch/.sbt/boot/scala-2.10.4/org.scala-sbt/sbt/0.13.5/apply-macro-0.13.5.jar
62002000-62009000 r--s 0003c000 00:1b 131208555  /home/mariadch/.sbt/boot/scala-2.11.1/com.typesafe.activator/activator-launcher/1.2.10/activator-common-1.0-6830c15252733edf977c869af798d113ad5ac80d.jar
62009000-62011000 r--s 0004e000 00:1b 131208535  /home/mariadch/.sbt/boot/scala-2.11.1/com.typesafe.activator/activator-launcher/1.2.10/httpclient-4.1.jar
62011000-62017000 r--s 0003d000 00:1b 131208533  /home/mariadch/.sbt/boot/scala-2.11.1/com.typesafe.activator/activator-launcher/1.2.10/io_2.11-0.13.6-MSERVER-4.jar
62017000-6201e000 r--s 0003f000 00:1b 131208551  /home/mariadch/.sbt/boot/scala-2.11.1/com.typesafe.activator/activator-launcher/1.2.10/activator-templates-cache-1.0-6830c15252733edf977c869af798d113ad5ac80d.jar
6201e000-62025000 r--s 0005e000 00:1b 131208545  /home/mariadch/.sbt/boot/scala-2.11.1/com.typesafe.activator/activator-launcher/1.2.10/collections_2.11-0.13.6-M1.jar
62025000-6202d000 r--s 00054000 00:1b 131208543  /home/mariadch/.sbt/boot/scala-2.11.1/com.typesafe.activator/activator-launcher/1.2.10/completion_2.11-0.13.6-M1.jar
6202d000-6207d000 r-xp 00000000 08:01 4724332    /usr/lib/i386-linux-gnu/libgobject-2.0.so.0.4000.0
6207d000-6207e000 r--p 0004f000 08:01 4724332    /usr/lib/i386-linux-gnu/libgobject-2.0.so.0.4000.0
6207e000-6207f000 rw-p 00050000 08:01 4724332    /usr/lib/i386-linux-gnu/libgobject-2.0.so.0.4000.0
6207f000-62080000 ---p 00000000 00:00 0 
62080000-62100000 rw-p 00000000 00:00 0          [stack:14943]
62100000-62121000 rw-p 00000000 00:00 0 
62121000-62200000 ---p 00000000 00:00 0 
62200000-62204000 r--s 00025000 00:1b 149819860  /home/mariadch/.sbt/boot/scala-2.10.4/lib/jline.jar
62204000-62229000 r--s 001f7000 00:1b 131208558  /home/mariadch/.sbt/boot/scala-2.11.1/com.typesafe.activator/activator-launcher/1.2.10/lucene-core-4.3.0.jar
62229000-6222e000 r--s 00036000 00:1b 131208548  /home/mariadch/.sbt/boot/scala-2.11.1/com.typesafe.activator/activator-launcher/1.2.10/commons-compress-1.4.1.jar
6222e000-62231000 ---p 00000000 00:00 0 
62231000-6227f000 rw-p 00000000 00:00 0          [stack:14950]
6227f000-62280000 ---p 00000000 00:00 0 
62280000-62300000 rw-p 00000000 00:00 0          [stack:14942]
62300000-62321000 rw-p 00000000 00:00 0 
62321000-62400000 ---p 00000000 00:00 0 
62400000-62404000 r--s 00032000 00:1b 131208549  /home/mariadch/.sbt/boot/scala-2.11.1/com.typesafe.activator/activator-launcher/1.2.10/config-1.2.1.jar
62404000-6240d000 r--s 00056000 00:1b 131208538  /home/mariadch/.sbt/boot/scala-2.11.1/com.typesafe.activator/activator-launcher/1.2.10/lucene-queryparser-4.3.0.jar
6240d000-62413000 r--s 0002c000 00:1b 131208550  /home/mariadch/.sbt/boot/scala-2.11.1/com.typesafe.activator/activator-launcher/1.2.10/lucene-queries-4.3.0.jar
62413000-6241e000 r--s 00096000 00:1b 131208561  /home/mariadch/.sbt/boot/scala-2.11.1/com.typesafe.activator/activator-launcher/1.2.10/scala-xml_2.11-1.0.1.jar
6241e000-6242e000 r--s 0016e000 00:1b 131208540  /home/mariadch/.sbt/boot/scala-2.11.1/com.typesafe.activator/activator-launcher/1.2.10/lucene-analyzers-common-4.3.0.jar
6242e000-62431000 ---p 00000000 00:00 0 
62431000-6247f000 rw-p 00000000 00:00 0          [stack:14947]
6247f000-62480000 ---p 00000000 00:00 0 
62480000-62500000 rw-p 00000000 00:00 0          [stack:14941]
62500000-62521000 rw-p 00000000 00:00 0 
62521000-62600000 ---p 00000000 00:00 0 
62600000-62603000 r--s 00018000 00:1b 149819858  /home/mariadch/.sbt/boot/scala-2.10.4/lib/jansi.jar
62603000-62608000 r--s 00028000 00:1b 131208560  /home/mariadch/.sbt/boot/scala-2.11.1/com.typesafe.activator/activator-launcher/1.2.10/httpcore-4.1.jar
62608000-6262e000 r--s 00241000 00:1b 131208553  /home/mariadch/.sbt/boot/scala-2.11.1/com.typesafe.activator/activator-launcher/1.2.10/akka-actor_2.11-2.3.3.jar
6262e000-62631000 ---p 00000000 00:00 0 
62631000-6267f000 rw-p 00000000 00:00 0          [stack:14946]
6267f000-62680000 ---p 00000000 00:00 0 
62680000-62700000 rw-p 00000000 00:00 0          [stack:14940]
62700000-62721000 rw-p 00000000 00:00 0 
62721000-62800000 ---p 00000000 00:00 0 
62800000-6280b000 r--s 0005c000 00:1b 131994154  /home/mariadch/.sbt/boot/scala-2.11.1/lib/scala-parser-combinators_2.11.jar
6280b000-6282b000 r-xp 00000000 08:01 132099     /lib/i386-linux-gnu/libselinux.so.1
6282b000-6282c000 r--p 0001f000 08:01 132099     /lib/i386-linux-gnu/libselinux.so.1
6282c000-6282d000 rw-p 00020000 08:01 132099     /lib/i386-linux-gnu/libselinux.so.1
6282d000-6282e000 rw-p 00000000 00:00 0 
6282e000-62831000 ---p 00000000 00:00 0 
62831000-6287f000 rw-p 00000000 00:00 0          [stack:14945]
6287f000-62880000 ---p 00000000 00:00 0 
62880000-62900000 rw-p 00000000 00:00 0          [stack:14939]
62900000-62921000 rw-p 00000000 00:00 0 
62921000-62a00000 ---p 00000000 00:00 0 
62a00000-62a02000 r--s 00001000 00:1b 131208537  /home/mariadch/.sbt/boot/scala-2.11.1/com.typesafe.activator/activator-launcher/1.2.10/launcher-interface-0.13.5.jar
62a02000-62a04000 r--s 00003000 00:1b 131208557  /home/mariadch/.sbt/boot/scala-2.11.1/com.typesafe.activator/activator-launcher/1.2.10/activator-ui-common-1.2.10.jar
62a04000-62a17000 r-xp 00000000 08:01 137144     /lib/i386-linux-gnu/libresolv-2.19.so
62a17000-62a18000 ---p 00013000 08:01 137144     /lib/i386-linux-gnu/libresolv-2.19.so
62a18000-62a19000 r--p 00013000 08:01 137144     /lib/i386-linux-gnu/libresolv-2.19.so
62a19000-62a1a000 rw-p 00014000 08:01 137144     /lib/i386-linux-gnu/libresolv-2.19.so
62a1a000-62a1c000 rw-p 00000000 00:00 0 
62a1c000-62a1f000 r--s 00030000 00:1b 131208542  /home/mariadch/.sbt/boot/scala-2.11.1/com.typesafe.activator/activator-launcher/1.2.10/jline-2.11.jar
62a1f000-62a23000 r--s 00014000 00:1b 131208552  /home/mariadch/.sbt/boot/scala-2.11.1/com.typesafe.activator/activator-launcher/1.2.10/xz-1.0.jar
62a23000-62a34000 r-xp 00000000 08:01 4985490    /usr/lib/jvm/java-7-openjdk-i386/jre/lib/i386/libnio.so
62a34000-62a35000 r--p 00010000 08:01 4985490    /usr/lib/jvm/java-7-openjdk-i386/jre/lib/i386/libnio.so
62a35000-62a36000 rw-p 00011000 08:01 4985490    /usr/lib/jvm/java-7-openjdk-i386/jre/lib/i386/libnio.so
62a36000-62a7f000 rw-p 00000000 00:00 0 
62a7f000-62a80000 ---p 00000000 00:00 0 
62a80000-62b00000 rw-p 00000000 00:00 0          [stack:14938]
62b00000-62b21000 rw-p 00000000 00:00 0 
62b21000-62c00000 ---p 00000000 00:00 0 
62c00000-62c01000 r--s 00001000 00:1b 131208546  /home/mariadch/.sbt/boot/scala-2.11.1/com.typesafe.activator/activator-launcher/1.2.10/activator-props-1.2.10.jar
62c01000-62c0b000 r--s 00095000 00:1b 131994150  /home/mariadch/.sbt/boot/scala-2.11.1/lib/scala-xml_2.11.jar
62c0b000-62c22000 r-xp 00000000 08:01 4985478    /usr/lib/jvm/java-7-openjdk-i386/jre/lib/i386/libnet.so
62c22000-62c23000 r--p 00016000 08:01 4985478    /usr/lib/jvm/java-7-openjdk-i386/jre/lib/i386/libnet.so
62c23000-62c24000 rw-p 00017000 08:01 4985478    /usr/lib/jvm/java-7-openjdk-i386/jre/lib/i386/libnet.so
62c24000-62c7f000 rw-p 00000000 00:00 0 
62c7f000-62c80000 ---p 00000000 00:00 0 
62c80000-62d00000 rw-p 00000000 00:00 0          [stack:14937]
62d00000-62d21000 rw-p 00000000 00:00 0 
62d21000-62e00000 ---p 00000000 00:00 0 
62e00000-62e02000 r--s 0000a000 00:1b 131208554  /home/mariadch/.sbt/boot/scala-2.11.1/com.typesafe.activator/activator-launcher/1.2.10/lucene-sandbox-4.3.0.jar
62e02000-62e05000 r--s 00016000 00:1b 131208539  /home/mariadch/.sbt/boot/scala-2.11.1/com.typesafe.activator/activator-launcher/1.2.10/activator-launcher-1.2.10.jar
62e05000-62e0a000 r-xp 00000000 08:01 4724199    /usr/lib/i386-linux-gnu/libffi.so.6.0.1
62e0a000-62e0b000 r--p 00005000 08:01 4724199    /usr/lib/i386-linux-gnu/libffi.so.6.0.1
62e0b000-62e0c000 rw-p 00006000 08:01 4724199    /usr/lib/i386-linux-gnu/libffi.so.6.0.1
62e0c000-62e28000 r--s 00107000 00:1b 136189117  /home/mariadch/Documentos/lab3/lab3-si1/activator-launch-1.2.10.jar
62e28000-62e29000 ---p 00000000 00:00 0 
62e29000-62ec9000 rw-p 00000000 00:00 0          [stack:14936]
62ec9000-62f29000 rw-p 00000000 00:00 0 
62f29000-6309f000 rw-p 00000000 00:00 0 
6309f000-630ff000 rw-p 00000000 00:00 0 
630ff000-67300000 rw-p 00000000 00:00 0 
67300000-73300000 rw-p 00000000 00:00 0 
73300000-b334b000 rw-p 00000000 00:00 0 
b334b000-b3400000 rw-p 00000000 00:00 0 
b3400000-b36b8000 rwxp 00000000 00:00 0 
b36b8000-b64fc000 rw-p 00000000 00:00 0 
b64fc000-b6500000 ---p 00000000 00:00 0 
b6500000-b6502000 r--s 0000a000 00:1b 131208544  /home/mariadch/.sbt/boot/scala-2.11.1/com.typesafe.activator/activator-launcher/1.2.10/commons-codec-1.3.jar
b6502000-b6505000 r--s 00030000 00:1b 131994149  /home/mariadch/.sbt/boot/scala-2.11.1/lib/jline.jar
b6505000-b6508000 r-xp 00000000 08:01 4724316    /usr/lib/i386-linux-gnu/libgmodule-2.0.so.0.4000.0
b6508000-b6509000 r--p 00002000 08:01 4724316    /usr/lib/i386-linux-gnu/libgmodule-2.0.so.0.4000.0
b6509000-b650a000 rw-p 00003000 08:01 4724316    /usr/lib/i386-linux-gnu/libgmodule-2.0.so.0.4000.0
b650a000-b650b000 r--s 00002000 08:01 4985413    /usr/lib/jvm/java-7-openjdk-i386/jre/lib/ext/dnsns.jar
b650b000-b650d000 r--s 00006000 08:01 5117138    /usr/share/java/java-atk-wrapper.jar
b650d000-b650f000 r--s 00012000 08:01 4985407    /usr/lib/jvm/java-7-openjdk-i386/jre/lib/ext/zipfs.jar
b650f000-b6513000 r--s 00085000 08:01 4985411    /usr/lib/jvm/java-7-openjdk-i386/jre/lib/ext/localedata.jar
b6513000-b6516000 r--s 00032000 08:01 4985410    /usr/lib/jvm/java-7-openjdk-i386/jre/lib/ext/sunjce_provider.jar
b6516000-b6519000 r--s 0000f000 08:01 4985406    /usr/lib/jvm/java-7-openjdk-i386/jre/lib/ext/pulse-java.jar
b6519000-b651c000 r--s 0003c000 08:01 4985412    /usr/lib/jvm/java-7-openjdk-i386/jre/lib/ext/sunpkcs11.jar
b651c000-b653b000 rw-p 00000000 00:00 0 
b653b000-b6543000 r-xp 00000000 08:01 4985453    /usr/lib/jvm/java-7-openjdk-i386/jre/lib/i386/libzip.so
b6543000-b6544000 r--p 00007000 08:01 4985453    /usr/lib/jvm/java-7-openjdk-i386/jre/lib/i386/libzip.so
b6544000-b6545000 rw-p 00008000 08:01 4985453    /usr/lib/jvm/java-7-openjdk-i386/jre/lib/i386/libzip.so
b6545000-b6581000 r--s 00000000 08:01 2893150    /var/cache/nscd/passwd
b6581000-b65a8000 r-xp 00000000 08:01 4985444    /usr/lib/jvm/java-7-openjdk-i386/jre/lib/i386/libjava.so
b65a8000-b65a9000 r--p 00026000 08:01 4985444    /usr/lib/jvm/java-7-openjdk-i386/jre/lib/i386/libjava.so
b65a9000-b65aa000 rw-p 00027000 08:01 4985444    /usr/lib/jvm/java-7-openjdk-i386/jre/lib/i386/libjava.so
b65aa000-b65b1000 r-xp 00000000 08:01 137145     /lib/i386-linux-gnu/librt-2.19.so
b65b1000-b65b2000 r--p 00006000 08:01 137145     /lib/i386-linux-gnu/librt-2.19.so
b65b2000-b65b3000 rw-p 00007000 08:01 137145     /lib/i386-linux-gnu/librt-2.19.so
b65b3000-b65b6000 ---p 00000000 00:00 0 
b65b6000-b6604000 rw-p 00000000 00:00 0          [stack:14935]
b6604000-b6620000 r-xp 00000000 08:01 131101     /lib/i386-linux-gnu/libgcc_s.so.1
b6620000-b6621000 rw-p 0001b000 08:01 131101     /lib/i386-linux-gnu/libgcc_s.so.1
b6621000-b6665000 r-xp 00000000 08:01 137147     /lib/i386-linux-gnu/libm-2.19.so
b6665000-b6666000 r--p 00043000 08:01 137147     /lib/i386-linux-gnu/libm-2.19.so
b6666000-b6667000 rw-p 00044000 08:01 137147     /lib/i386-linux-gnu/libm-2.19.so
b6667000-b6743000 r-xp 00000000 08:01 4724825    /usr/lib/i386-linux-gnu/libstdc++.so.6.0.19
b6743000-b6744000 ---p 000dc000 08:01 4724825    /usr/lib/i386-linux-gnu/libstdc++.so.6.0.19
b6744000-b6748000 r--p 000dc000 08:01 4724825    /usr/lib/i386-linux-gnu/libstdc++.so.6.0.19
b6748000-b6749000 rw-p 000e0000 08:01 4724825    /usr/lib/i386-linux-gnu/libstdc++.so.6.0.19
b6749000-b6750000 rw-p 00000000 00:00 0 
b6750000-b713b000 r-xp 00000000 08:01 4985484    /usr/lib/jvm/java-7-openjdk-i386/jre/lib/i386/server/libjvm.so
b713b000-b718d000 r--p 009ea000 08:01 4985484    /usr/lib/jvm/java-7-openjdk-i386/jre/lib/i386/server/libjvm.so
b718d000-b71a1000 rw-p 00a3c000 08:01 4985484    /usr/lib/jvm/java-7-openjdk-i386/jre/lib/i386/server/libjvm.so
b71a1000-b75bf000 rw-p 00000000 00:00 0 
b75bf000-b75d7000 r-xp 00000000 08:01 132223     /lib/i386-linux-gnu/libz.so.1.2.8
b75d7000-b75d8000 r--p 00017000 08:01 132223     /lib/i386-linux-gnu/libz.so.1.2.8
b75d8000-b75d9000 rw-p 00018000 08:01 132223     /lib/i386-linux-gnu/libz.so.1.2.8
b75d9000-b75f1000 r-xp 00000000 08:01 137160     /lib/i386-linux-gnu/libpthread-2.19.so
b75f1000-b75f2000 r--p 00017000 08:01 137160     /lib/i386-linux-gnu/libpthread-2.19.so
b75f2000-b75f3000 rw-p 00018000 08:01 137160     /lib/i386-linux-gnu/libpthread-2.19.so
b75f3000-b75f5000 rw-p 00000000 00:00 0 
b75f5000-b75f8000 r-xp 00000000 08:01 137162     /lib/i386-linux-gnu/libdl-2.19.so
b75f8000-b75f9000 r--p 00002000 08:01 137162     /lib/i386-linux-gnu/libdl-2.19.so
b75f9000-b75fa000 rw-p 00003000 08:01 137162     /lib/i386-linux-gnu/libdl-2.19.so
b75fa000-b77a3000 r-xp 00000000 08:01 137152     /lib/i386-linux-gnu/libc-2.19.so
b77a3000-b77a4000 ---p 001a9000 08:01 137152     /lib/i386-linux-gnu/libc-2.19.so
b77a4000-b77a6000 r--p 001a9000 08:01 137152     /lib/i386-linux-gnu/libc-2.19.so
b77a6000-b77a7000 rw-p 001ab000 08:01 137152     /lib/i386-linux-gnu/libc-2.19.so
b77a7000-b77aa000 rw-p 00000000 00:00 0 
b77aa000-b77b2000 rw-s 00000000 08:01 3145755    /tmp/hsperfdata_mariadch/14886
b77b2000-b77b3000 rw-p 00000000 00:00 0 
b77b3000-b77b4000 ---p 00000000 00:00 0 
b77b4000-b77c2000 r-xp 00000000 08:01 4985506    /usr/lib/jvm/java-7-openjdk-i386/jre/lib/i386/libverify.so
b77c2000-b77c3000 r--p 0000d000 08:01 4985506    /usr/lib/jvm/java-7-openjdk-i386/jre/lib/i386/libverify.so
b77c3000-b77c4000 rw-p 0000e000 08:01 4985506    /usr/lib/jvm/java-7-openjdk-i386/jre/lib/i386/libverify.so
b77c4000-b77d0000 r-xp 00000000 08:01 4985499    /usr/lib/jvm/java-7-openjdk-i386/jre/lib/i386/jli/libjli.so
b77d0000-b77d1000 r--p 0000c000 08:01 4985499    /usr/lib/jvm/java-7-openjdk-i386/jre/lib/i386/jli/libjli.so
b77d1000-b77d2000 rw-p 0000d000 08:01 4985499    /usr/lib/jvm/java-7-openjdk-i386/jre/lib/i386/jli/libjli.so
b77d2000-b77d5000 rw-p 00000000 00:00 0 
b77d5000-b77d6000 r-xp 00000000 00:00 0          [vdso]
b77d6000-b77f6000 r-xp 00000000 08:01 137161     /lib/i386-linux-gnu/ld-2.19.so
b77f6000-b77f7000 r--p 0001f000 08:01 137161     /lib/i386-linux-gnu/ld-2.19.so
b77f7000-b77f8000 rw-p 00020000 08:01 137161     /lib/i386-linux-gnu/ld-2.19.so
bfcf3000-bfcf4000 rwxp 00000000 00:00 0 
bfd26000-bfd47000 rw-p 00000000 00:00 0          [stack]

VM Arguments:
jvm_args: -Dactivator.home=/home/mariadch/Documentos/lab3/lab3-si1 -Xms1024m -Xmx1024m -XX:PermSize=64m -XX:MaxPermSize=256m 
java_command: /home/mariadch/Documentos/lab3/lab3-si1/activator-launch-1.2.10.jar eclipse
Launcher Type: SUN_STANDARD

Environment Variables:
PATH=/usr/local/sbin:/usr/local/bin:/usr/sbin:/usr/bin:/sbin:/bin:/usr/games:/usr/local/games:/var/scripts/
SHELL=/bin/bash
DISPLAY=:0

Signal Handlers:
SIGSEGV: [libjvm.so+0x80a0f0], sa_mask[0]=0x7ffbfeff, sa_flags=0x10000004
SIGBUS: [libjvm.so+0x80a0f0], sa_mask[0]=0x7ffbfeff, sa_flags=0x10000004
SIGFPE: [libjvm.so+0x683f80], sa_mask[0]=0x7ffbfeff, sa_flags=0x10000004
SIGPIPE: [libjvm.so+0x683f80], sa_mask[0]=0x7ffbfeff, sa_flags=0x10000004
SIGXFSZ: [libjvm.so+0x683f80], sa_mask[0]=0x7ffbfeff, sa_flags=0x10000004
SIGILL: [libjvm.so+0x683f80], sa_mask[0]=0x7ffbfeff, sa_flags=0x10000004
SIGUSR1: SIG_DFL, sa_mask[0]=0x00000000, sa_flags=0x00000000
SIGUSR2: [libjvm.so+0x683e10], sa_mask[0]=0x00000000, sa_flags=0x10000004
SIGHUP: [libjvm.so+0x684040], sa_mask[0]=0x7ffbfeff, sa_flags=0x10000004
SIGINT: [libjvm.so+0x684040], sa_mask[0]=0x7ffbfeff, sa_flags=0x10000004
SIGTERM: [libjvm.so+0x684040], sa_mask[0]=0x7ffbfeff, sa_flags=0x10000004
SIGQUIT: [libjvm.so+0x684040], sa_mask[0]=0x7ffbfeff, sa_flags=0x10000004
SIGTRAP: SIG_DFL, sa_mask[0]=0x00000000, sa_flags=0x00000000


---------------  S Y S T E M  ---------------

OS:Ubuntu 14.04 (trusty)
uname:Linux 3.13.0-37-generic #64-Ubuntu SMP Mon Sep 22 21:30:01 UTC 2014 i686
libc:glibc 2.19 NPTL 2.19 
rlimit: STACK 8192k, CORE 0k, NPROC 62079, NOFILE 4096, AS infinity
load average:0,55 0,46 0,28

/proc/meminfo:
MemTotal:        7965416 kB
MemFree:         5697816 kB
Buffers:           89764 kB
Cached:          1011720 kB
SwapCached:            0 kB
Active:          1258932 kB
Inactive:         910548 kB
Active(anon):    1070332 kB
Inactive(anon):   468384 kB
Active(file):     188600 kB
Inactive(file):   442164 kB
Unevictable:          48 kB
Mlocked:              48 kB
HighTotal:       7156644 kB
HighFree:        5159368 kB
LowTotal:         808772 kB
LowFree:          538448 kB
SwapTotal:       7998460 kB
SwapFree:        7998460 kB
Dirty:               460 kB
Writeback:             0 kB
AnonPages:       1074976 kB
Mapped:           321120 kB
Shmem:            470084 kB
Slab:              46352 kB
SReclaimable:      21252 kB
SUnreclaim:        25100 kB
KernelStack:        4536 kB
PageTables:        12800 kB
NFS_Unstable:          0 kB
Bounce:                0 kB
WritebackTmp:          0 kB
CommitLimit:    11981168 kB
Committed_AS:    5621416 kB
VmallocTotal:     122880 kB
VmallocUsed:       21840 kB
VmallocChunk:      87904 kB
HardwareCorrupted:     0 kB
AnonHugePages:    464896 kB
HugePages_Total:       0
HugePages_Free:        0
HugePages_Rsvd:        0
HugePages_Surp:        0
Hugepagesize:       2048 kB
DirectMap4k:       20472 kB
DirectMap2M:      890880 kB


CPU:total 8 (4 cores per cpu, 2 threads per core) family 6 model 42 stepping 7, cmov, cx8, fxsr, mmx, sse, sse2, sse3, ssse3, sse4.1, sse4.2, popcnt, avx, aes, ht, tsc, tscinvbit

/proc/cpuinfo:
processor	: 0
vendor_id	: GenuineIntel
cpu family	: 6
model		: 42
model name	: Intel(R) Core(TM) i7-2600 CPU @ 3.40GHz
stepping	: 7
microcode	: 0x23
cpu MHz		: 1800.000
cache size	: 8192 KB
physical id	: 0
siblings	: 8
core id		: 0
cpu cores	: 4
apicid		: 0
initial apicid	: 0
fdiv_bug	: no
f00f_bug	: no
coma_bug	: no
fpu		: yes
fpu_exception	: yes
cpuid level	: 13
wp		: yes
flags		: fpu vme de pse tsc msr pae mce cx8 apic sep mtrr pge mca cmov pat pse36 clflush dts acpi mmx fxsr sse sse2 ss ht tm pbe nx rdtscp lm constant_tsc arch_perfmon pebs bts xtopology nonstop_tsc aperfmperf eagerfpu pni pclmulqdq dtes64 ds_cpl vmx smx est tm2 ssse3 cx16 xtpr pdcm pcid sse4_1 sse4_2 x2apic popcnt tsc_deadline_timer aes xsave avx lahf_lm ida arat epb xsaveopt pln pts dtherm tpr_shadow vnmi flexpriority ept vpid
bogomips	: 6784.67
clflush size	: 64
cache_alignment	: 64
address sizes	: 36 bits physical, 48 bits virtual
power management:

processor	: 1
vendor_id	: GenuineIntel
cpu family	: 6
model		: 42
model name	: Intel(R) Core(TM) i7-2600 CPU @ 3.40GHz
stepping	: 7
microcode	: 0x23
cpu MHz		: 3401.000
cache size	: 8192 KB
physical id	: 0
siblings	: 8
core id		: 1
cpu cores	: 4
apicid		: 2
initial apicid	: 2
fdiv_bug	: no
f00f_bug	: no
coma_bug	: no
fpu		: yes
fpu_exception	: yes
cpuid level	: 13
wp		: yes
flags		: fpu vme de pse tsc msr pae mce cx8 apic sep mtrr pge mca cmov pat pse36 clflush dts acpi mmx fxsr sse sse2 ss ht tm pbe nx rdtscp lm constant_tsc arch_perfmon pebs bts xtopology nonstop_tsc aperfmperf eagerfpu pni pclmulqdq dtes64 monitor ds_cpl vmx smx est tm2 ssse3 cx16 xtpr pdcm pcid sse4_1 sse4_2 x2apic popcnt tsc_deadline_timer aes xsave avx lahf_lm ida arat epb xsaveopt pln pts dtherm tpr_shadow vnmi flexpriority ept vpid
bogomips	: 6784.67
clflush size	: 64
cache_alignment	: 64
address sizes	: 36 bits physical, 48 bits virtual
power management:

processor	: 2
vendor_id	: GenuineIntel
cpu family	: 6
model		: 42
model name	: Intel(R) Core(TM) i7-2600 CPU @ 3.40GHz
stepping	: 7
microcode	: 0x23
cpu MHz		: 3401.000
cache size	: 8192 KB
physical id	: 0
siblings	: 8
core id		: 2
cpu cores	: 4
apicid		: 4
initial apicid	: 4
fdiv_bug	: no
f00f_bug	: no
coma_bug	: no
fpu		: yes
fpu_exception	: yes
cpuid level	: 13
wp		: yes
flags		: fpu vme de pse tsc msr pae mce cx8 apic sep mtrr pge mca cmov pat pse36 clflush dts acpi mmx fxsr sse sse2 ss ht tm pbe nx rdtscp lm constant_tsc arch_perfmon pebs bts xtopology nonstop_tsc aperfmperf eagerfpu pni pclmulqdq dtes64 monitor ds_cpl vmx smx est tm2 ssse3 cx16 xtpr pdcm pcid sse4_1 sse4_2 x2apic popcnt tsc_deadline_timer aes xsave avx lahf_lm ida arat epb xsaveopt pln pts dtherm tpr_shadow vnmi flexpriority ept vpid
bogomips	: 6784.67
clflush size	: 64
cache_alignment	: 64
address sizes	: 36 bits physical, 48 bits virtual
power management:

processor	: 3
vendor_id	: GenuineIntel
cpu family	: 6
model		: 42
model name	: Intel(R) Core(TM) i7-2600 CPU @ 3.40GHz
stepping	: 7
microcode	: 0x23
cpu MHz		: 1600.000
cache size	: 8192 KB
physical id	: 0
siblings	: 8
core id		: 3
cpu cores	: 4
apicid		: 6
initial apicid	: 6
fdiv_bug	: no
f00f_bug	: no
coma_bug	: no
fpu		: yes
fpu_exception	: yes
cpuid level	: 13
wp		: yes
flags		: fpu vme de pse tsc msr pae mce cx8 apic sep mtrr pge mca cmov pat pse36 clflush dts acpi mmx fxsr sse sse2 ss ht tm pbe nx rdtscp lm constant_tsc arch_perfmon pebs bts xtopology nonstop_tsc aperfmperf eagerfpu pni pclmulqdq dtes64 monitor ds_cpl vmx smx est tm2 ssse3 cx16 xtpr pdcm pcid sse4_1 sse4_2 x2apic popcnt tsc_deadline_timer aes xsave avx lahf_lm ida arat epb xsaveopt pln pts dtherm tpr_shadow vnmi flexpriority ept vpid
bogomips	: 6784.67
clflush size	: 64
cache_alignment	: 64
address sizes	: 36 bits physical, 48 bits virtual
power management:

processor	: 4
vendor_id	: GenuineIntel
cpu family	: 6
model		: 42
model name	: Intel(R) Core(TM) i7-2600 CPU @ 3.40GHz
stepping	: 7
microcode	: 0x23
cpu MHz		: 1600.000
cache size	: 8192 KB
physical id	: 0
siblings	: 8
core id		: 0
cpu cores	: 4
apicid		: 1
initial apicid	: 1
fdiv_bug	: no
f00f_bug	: no
coma_bug	: no
fpu		: yes
fpu_exception	: yes
cpuid level	: 13
wp		: yes
flags		: fpu vme de pse tsc msr pae mce cx8 apic sep mtrr pge mca cmov pat pse36 clflush dts acpi mmx fxsr sse sse2 ss ht tm pbe nx rdtscp lm constant_tsc arch_perfmon pebs bts xtopology nonstop_tsc aperfmperf eagerfpu pni pclmulqdq dtes64 monitor ds_cpl vmx smx est tm2 ssse3 cx16 xtpr pdcm pcid sse4_1 sse4_2 x2apic popcnt tsc_deadline_timer aes xsave avx lahf_lm ida arat epb xsaveopt pln pts dtherm tpr_shadow vnmi flexpriority ept vpid
bogomips	: 6784.67
clflush size	: 64
cache_alignment	: 64
address sizes	: 36 bits physical, 48 bits virtual
power management:

processor	: 5
vendor_id	: GenuineIntel
cpu family	: 6
model		: 42
model name	: Intel(R) Core(TM) i7-2600 CPU @ 3.40GHz
stepping	: 7
microcode	: 0x23
cpu MHz		: 1600.000
cache size	: 8192 KB
physical id	: 0
siblings	: 8
core id		: 1
cpu cores	: 4
apicid		: 3
initial apicid	: 3
fdiv_bug	: no
f00f_bug	: no
coma_bug	: no
fpu		: yes
fpu_exception	: yes
cpuid level	: 13
wp		: yes
flags		: fpu vme de pse tsc msr pae mce cx8 apic sep mtrr pge mca cmov pat pse36 clflush dts acpi mmx fxsr sse sse2 ss ht tm pbe nx rdtscp lm constant_tsc arch_perfmon pebs bts xtopology nonstop_tsc aperfmperf eagerfpu pni pclmulqdq dtes64 monitor ds_cpl vmx smx est tm2 ssse3 cx16 xtpr pdcm pcid sse4_1 sse4_2 x2apic popcnt tsc_deadline_timer aes xsave avx lahf_lm ida arat epb xsaveopt pln pts dtherm tpr_shadow vnmi flexpriority ept vpid
bogomips	: 6784.67
clflush size	: 64
cache_alignment	: 64
address sizes	: 36 bits physical, 48 bits virtual
power management:

processor	: 6
vendor_id	: GenuineIntel
cpu family	: 6
model		: 42
model name	: Intel(R) Core(TM) i7-2600 CPU @ 3.40GHz
stepping	: 7
microcode	: 0x23
cpu MHz		: 3401.000
cache size	: 8192 KB
physical id	: 0
siblings	: 8
core id		: 2
cpu cores	: 4
apicid		: 5
initial apicid	: 5
fdiv_bug	: no
f00f_bug	: no
coma_bug	: no
fpu		: yes
fpu_exception	: yes
cpuid level	: 13
wp		: yes
flags		: fpu vme de pse tsc msr pae mce cx8 apic sep mtrr pge mca cmov pat pse36 clflush dts acpi mmx fxsr sse sse2 ss ht tm pbe nx rdtscp lm constant_tsc arch_perfmon pebs bts xtopology nonstop_tsc aperfmperf eagerfpu pni pclmulqdq dtes64 monitor ds_cpl vmx smx est tm2 ssse3 cx16 xtpr pdcm pcid sse4_1 sse4_2 x2apic popcnt tsc_deadline_timer aes xsave avx lahf_lm ida arat epb xsaveopt pln pts dtherm tpr_shadow vnmi flexpriority ept vpid
bogomips	: 6784.67
clflush size	: 64
cache_alignment	: 64
address sizes	: 36 bits physical, 48 bits virtual
power management:

processor	: 7
vendor_id	: GenuineIntel
cpu family	: 6
model		: 42
model name	: Intel(R) Core(TM) i7-2600 CPU @ 3.40GHz
stepping	: 7
microcode	: 0x23
cpu MHz		: 1600.000
cache size	: 8192 KB
physical id	: 0
siblings	: 8
core id		: 3
cpu cores	: 4
apicid		: 7
initial apicid	: 7
fdiv_bug	: no
f00f_bug	: no
coma_bug	: no
fpu		: yes
fpu_exception	: yes
cpuid level	: 13
wp		: yes
flags		: fpu vme de pse tsc msr pae mce cx8 apic sep mtrr pge mca cmov pat pse36 clflush dts acpi mmx fxsr sse sse2 ss ht tm pbe nx rdtscp lm constant_tsc arch_perfmon pebs bts xtopology nonstop_tsc aperfmperf eagerfpu pni pclmulqdq dtes64 monitor ds_cpl vmx smx est tm2 ssse3 cx16 xtpr pdcm pcid sse4_1 sse4_2 x2apic popcnt tsc_deadline_timer aes xsave avx lahf_lm ida arat epb xsaveopt pln pts dtherm tpr_shadow vnmi flexpriority ept vpid
bogomips	: 6784.67
clflush size	: 64
cache_alignment	: 64
address sizes	: 36 bits physical, 48 bits virtual
power management:



Memory: 4k page, physical 7965416k(5687576k free), swap 7998460k(7998460k free)

vm_info: OpenJDK Server VM (24.65-b04) for linux-x86 JRE (1.7.0_65-b32), built on Sep 10 2014 05:56:58 by "buildd" with gcc 4.8.2

time: Thu Feb 12 11:42:39 2015
elapsed time: 13 seconds

